<?xml version="1.0" encoding="UTF-8"?>
<!-- Generated by org.testng.reporters.JUnitReportReporter -->
<testsuite hostname="VAMSYS" failures="0" tests="5" name="practice.SampleTest_dataProvider" time="0.020" errors="0" timestamp="2022-01-21T17:53:47 IST" skipped="0">
  <testcase classname="practice.SampleTest_dataProvider" name="BookTicket" time="0.012"/>
  <system-out/>
  <testcase classname="practice.SampleTest_dataProvider" name="BookTicket" time="0.003"/>
  <system-out/>
  <testcase classname="practice.SampleTest_dataProvider" name="BookTicket" time="0.002"/>
  <system-out/>
  <testcase classname="practice.SampleTest_dataProvider" name="BookTicket" time="0.001"/>
  <system-out/>
  <testcase classname="practice.SampleTest_dataProvider" name="BookTicket" time="0.002"/>
  <system-out/>
</testsuite> <!-- practice.SampleTest_dataProvider -->
