<?xml version="1.0" encoding="UTF-8"?>
<!-- Generated by org.testng.reporters.JUnitReportReporter -->
<testsuite hostname="VAMSYS" failures="0" tests="2" name="com.crm.pomobjpage.CreateOrgTest" time="0.009" errors="0" timestamp="2022-01-21T21:48:24 IST" skipped="0">
  <testcase classname="com.crm.pomobjpage.CreateOrgTest" name="modifyCustomerTest" time="0.002"/>
  <system-out/>
  <testcase classname="com.crm.pomobjpage.CreateOrgTest" name="createCustomerTest" time="0.007"/>
  <system-out/>
</testsuite> <!-- com.crm.pomobjpage.CreateOrgTest -->
