<?xml version="1.0" encoding="UTF-8"?>
<!-- Generated by org.testng.reporters.JUnitReportReporter -->
<testsuite hostname="VAMSYS" failures="0" tests="3" name="practice.CreateOrgTest" time="0.016" errors="0" timestamp="2022-01-21T17:35:38 IST" skipped="0">
  <testcase classname="practice.CreateOrgTest" name="CreateOrgWithIndstriesTest" time="0.004"/>
  <system-out/>
  <testcase classname="practice.CreateOrgTest" name="CreateOrgWithRatingTest" time="0.002"/>
  <system-out/>
  <testcase classname="practice.CreateOrgTest" name="CreateOrgTest" time="0.010"/>
  <system-out/>
</testsuite> <!-- practice.CreateOrgTest -->
