<?xml version="1.0" encoding="UTF-8"?>
<!-- Generated by org.testng.reporters.JUnitReportReporter -->
<testsuite hostname="VAMSYS" failures="0" tests="3" name="Dataprovider.customerTest" time="0.022" errors="0" timestamp="2022-01-21T15:03:43 IST" skipped="0">
  <testcase classname="Dataprovider.customerTest" name="createcustomerTest" time="0.003"/>
  <system-out/>
  <testcase classname="Dataprovider.customerTest" name="DeletecustomerTest" time="0.017"/>
  <system-out/>
  <testcase classname="Dataprovider.customerTest" name="modifycustomerTest" time="0.002"/>
  <system-out/>
</testsuite> <!-- Dataprovider.customerTest -->
