<?xml version="1.0" encoding="UTF-8"?>
<!-- Generated by org.testng.reporters.JUnitReportReporter -->
<testsuite hostname="VAMSYS" failures="0" tests="3" name="Dataprovider.Customer" time="0.017" errors="0" timestamp="2022-01-23T12:21:05 IST" skipped="0">
  <testcase classname="Dataprovider.Customer" name="createcustomerTest" time="0.012"/>
  <system-out/>
  <testcase classname="Dataprovider.Customer" name="modifycustomerTest" time="0.002"/>
  <system-out/>
  <testcase classname="Dataprovider.Customer" name="DeletecustomerTest" time="0.003"/>
  <system-out/>
</testsuite> <!-- Dataprovider.Customer -->
