<?xml version="1.0" encoding="UTF-8"?>
<!-- Generated by org.testng.reporters.JUnitReportReporter -->
<testsuite hostname="VAMSYS" failures="0" tests="1" name="practice.sample" time="63.316" errors="0" timestamp="2022-01-21T18:08:58 IST" skipped="0">
  <testcase classname="practice.sample" name="sample" time="63.316"/>
  <system-out/>
</testsuite> <!-- practice.sample -->
