<?xml version="1.0" encoding="UTF-8"?>
<!-- Generated by org.testng.reporters.JUnitReportReporter -->
<testsuite hostname="VAMSYS" failures="0" tests="1" name="com.crm.createOrgTest.CreateOrgTest" time="0.019" errors="0" timestamp="2022-01-27T10:05:03 IST" skipped="0">
  <testcase classname="com.crm.createOrgTest.CreateOrgTest" name="CreateOrgTest" time="0.019"/>
  <system-out/>
</testsuite> <!-- com.crm.createOrgTest.CreateOrgTest -->
