<?xml version="1.0" encoding="UTF-8"?>
<!-- Generated by org.testng.reporters.JUnitReportReporter -->
<testsuite hostname="VAMSYS" failures="0" tests="1" name="Github.DemoGit" time="0.023" errors="0" timestamp="2022-01-24T17:03:00 IST" skipped="0">
  <testcase classname="Github.DemoGit" name="demoGit" time="0.023"/>
  <system-out/>
</testsuite> <!-- Github.DemoGit -->
