<?xml version="1.0" encoding="UTF-8"?>
<!-- Generated by org.testng.reporters.JUnitReportReporter -->
<testsuite hostname="VAMSYS" failures="0" tests="2" name="Dataprovider.SampleAssertsoft" time="0.025" errors="0" timestamp="2022-01-23T12:24:08 IST" skipped="0">
  <testcase classname="Dataprovider.SampleAssertsoft" name="test1" time="0.022"/>
  <system-out/>
  <testcase classname="Dataprovider.SampleAssertsoft" name="test2" time="0.003"/>
  <system-out/>
</testsuite> <!-- Dataprovider.SampleAssertsoft -->
