<?xml version="1.0" encoding="UTF-8"?>
<!-- Generated by org.testng.reporters.JUnitReportReporter -->
<testsuite hostname="VAMSYS" failures="0" tests="1" name="Dataprovider.CreateOrgTest" time="68.059" errors="0" timestamp="2022-01-23T10:40:18 IST" skipped="0">
  <testcase classname="Dataprovider.CreateOrgTest" name="CreateOrgTest" time="68.059"/>
  <system-out/>
</testsuite> <!-- Dataprovider.CreateOrgTest -->
